<?xml version="1.0" encoding="UTF-8"?>
<testng-results skipped="0" failed="0" ignored="0" total="1" passed="1">
  <reporter-output>
  </reporter-output>
  <suite name="Default suite" duration-ms="9994" started-at="2022-01-22T16:18:37 AMT" finished-at="2022-01-22T16:18:47 AMT">
    <groups>
    </groups>
    <test name="Default test" duration-ms="9994" started-at="2022-01-22T16:18:37 AMT" finished-at="2022-01-22T16:18:47 AMT">
      <class name="testcases.Booking">
        <test-method status="PASS" signature="createDriver()[pri:0, instance:testcases.Booking@149494d8]" name="createDriver" is-config="true" duration-ms="7581" started-at="2022-01-22T16:18:37 AMT" finished-at="2022-01-22T16:18:45 AMT">
          <reporter-output>
          </reporter-output>
        </test-method> <!-- createDriver -->
        <test-method status="PASS" signature="BookNewHatchBack()[pri:0, instance:testcases.Booking@149494d8]" name="BookNewHatchBack" duration-ms="2385" started-at="2022-01-22T16:18:45 AMT" finished-at="2022-01-22T16:18:47 AMT">
          <reporter-output>
          </reporter-output>
        </test-method> <!-- BookNewHatchBack -->
      </class> <!-- testcases.Booking -->
    </test> <!-- Default test -->
  </suite> <!-- Default suite -->
</testng-results>
